# JRE version: OpenJDK Runtime Environment Temurin-17.0.1+12 (17.0.1+12) (build 17.0.1+12)
# Java VM: OpenJDK 64-Bit Server VM Temurin-17.0.1+12 (17.0.1+12, mixed mode, tiered, compressed oops, compressed class ptrs, g1 gc, windows-amd64)
GC Precious Log:
 CPUs: 4 total, 4 available
 Memory: 8191M
 Large Page Support: Disabled
 NUMA Support: Disabled
 Compressed Oops: Enabled (32-bit)
 Heap Region Size: 1M
 Heap Min Capacity: 8M
 Heap Initial Capacity: 128M
 Heap Max Capacity: 2G
 Pre-touch: Disabled
 Parallel Workers: 4
 Concurrent Workers: 1
 Concurrent Refinement Workers: 4
 Periodic GC: Disabled
Heap:
 garbage-first heap   total 96256K, used 38345K [0x0000000080000000, 0x0000000100000000)
  region size 1024K, 8 young (8192K), 4 survivors (4096K)
 Metaspace       used 81966K, committed 82624K, reserved 1122304K
  class space    used 10755K, committed 11072K, reserved 1048576K
GC Heap History (20 events):
Event: 3.019 GC heap before
{Heap before GC invocations=13 (full 0):
 garbage-first heap   total 144384K, used 25650K [0x0000000080000000, 0x0000000100000000)
  region size 1024K, 16 young (16384K), 6 survivors (6144K)
 Metaspace       used 35600K, committed 35968K, reserved 1081344K
  class space    used 4194K, committed 4352K, reserved 1048576K
}
Event: 3.025 GC heap after
{Heap after GC invocations=14 (full 0):
 garbage-first heap   total 144384K, used 17452K [0x0000000080000000, 0x0000000100000000)
  region size 1024K, 7 young (7168K), 7 survivors (7168K)
 Metaspace       used 35600K, committed 35968K, reserved 1081344K
  class space    used 4194K, committed 4352K, reserved 1048576K
}
Event: 3.226 GC heap before
{Heap before GC invocations=15 (full 0):
 garbage-first heap   total 65536K, used 55340K [0x0000000080000000, 0x0000000100000000)
  region size 1024K, 46 young (47104K), 7 survivors (7168K)
 Metaspace       used 37546K, committed 37888K, reserved 1089536K
  class space    used 4404K, committed 4544K, reserved 1048576K
}
Event: 3.230 GC heap after
{Heap after GC invocations=16 (full 0):
 garbage-first heap   total 66560K, used 18631K [0x0000000080000000, 0x0000000100000000)
  region size 1024K, 3 young (3072K), 3 survivors (3072K)
 Metaspace       used 37546K, committed 37888K, reserved 1089536K
  class space    used 4404K, committed 4544K, reserved 1048576K
}
Event: 3.231 GC heap before
{Heap before GC invocations=16 (full 0):
 garbage-first heap   total 66560K, used 20679K [0x0000000080000000, 0x0000000100000000)
  region size 1024K, 6 young (6144K), 3 survivors (3072K)
 Metaspace       used 37546K, committed 37888K, reserved 1089536K
  class space    used 4404K, committed 4544K, reserved 1048576K
}
Event: 3.235 GC heap after
{Heap after GC invocations=17 (full 0):
 garbage-first heap   total 66560K, used 17899K [0x0000000080000000, 0x0000000100000000)
  region size 1024K, 1 young (1024K), 1 survivors (1024K)
 Metaspace       used 37546K, committed 37888K, reserved 1089536K
  class space    used 4404K, committed 4544K, reserved 1048576K
}
Event: 3.242 GC heap before
{Heap before GC invocations=17 (full 0):
 garbage-first heap   total 66560K, used 51691K [0x0000000080000000, 0x0000000100000000)
  region size 1024K, 35 young (35840K), 1 survivors (1024K)
 Metaspace       used 37546K, committed 37888K, reserved 1089536K
  class space    used 4404K, committed 4544K, reserved 1048576K
}
Event: 3.243 GC heap after
{Heap after GC invocations=18 (full 0):
 garbage-first heap   total 66560K, used 17926K [0x0000000080000000, 0x0000000100000000)
  region size 1024K, 1 young (1024K), 1 survivors (1024K)
 Metaspace       used 37546K, committed 37888K, reserved 1089536K
  class space    used 4404K, committed 4544K, reserved 1048576K
}
Event: 3.250 GC heap before
{Heap before GC invocations=18 (full 0):
 garbage-first heap   total 66560K, used 52742K [0x0000000080000000, 0x0000000100000000)
  region size 1024K, 36 young (36864K), 1 survivors (1024K)
 Metaspace       used 37546K, committed 37888K, reserved 1089536K
  class space    used 4404K, committed 4544K, reserved 1048576K
}
Event: 3.251 GC heap after
{Heap after GC invocations=19 (full 0):
 garbage-first heap   total 196608K, used 17948K [0x0000000080000000, 0x0000000100000000)
  region size 1024K, 1 young (1024K), 1 survivors (1024K)
 Metaspace       used 37546K, committed 37888K, reserved 1089536K
  class space    used 4404K, committed 4544K, reserved 1048576K
}
Event: 8.988 GC heap before
{Heap before GC invocations=19 (full 0):
 garbage-first heap   total 196608K, used 132636K [0x0000000080000000, 0x0000000100000000)
  region size 1024K, 113 young (115712K), 1 survivors (1024K)
 Metaspace       used 59724K, committed 60160K, reserved 1105920K
  class space    used 7483K, committed 7680K, reserved 1048576K
}
Event: 8.999 GC heap after
{Heap after GC invocations=20 (full 0):
 garbage-first heap   total 196608K, used 25788K [0x0000000080000000, 0x0000000100000000)
  region size 1024K, 6 young (6144K), 6 survivors (6144K)
 Metaspace       used 59724K, committed 60160K, reserved 1105920K
  class space    used 7483K, committed 7680K, reserved 1048576K
}
Event: 9.920 GC heap before
{Heap before GC invocations=21 (full 0):
 garbage-first heap   total 96256K, used 76988K [0x0000000080000000, 0x0000000100000000)
  region size 1024K, 56 young (57344K), 6 survivors (6144K)
 Metaspace       used 70447K, committed 71040K, reserved 1114112K
  class space    used 9044K, committed 9344K, reserved 1048576K
}
Event: 9.929 GC heap after
{Heap after GC invocations=22 (full 0):
 garbage-first heap   total 96256K, used 29095K [0x0000000080000000, 0x0000000100000000)
  region size 1024K, 4 young (4096K), 4 survivors (4096K)
 Metaspace       used 70447K, committed 71040K, reserved 1114112K
  class space    used 9044K, committed 9344K, reserved 1048576K
}
Event: 9.977 GC heap before
{Heap before GC invocations=22 (full 0):
 garbage-first heap   total 96256K, used 32167K [0x0000000080000000, 0x0000000100000000)
  region size 1024K, 7 young (7168K), 4 survivors (4096K)
 Metaspace       used 70844K, committed 71424K, reserved 1114112K
  class space    used 9104K, committed 9408K, reserved 1048576K
}
Event: 9.981 GC heap after
{Heap after GC invocations=23 (full 0):
 garbage-first heap   total 96256K, used 29192K [0x0000000080000000, 0x0000000100000000)
  region size 1024K, 1 young (1024K), 1 survivors (1024K)
 Metaspace       used 70844K, committed 71424K, reserved 1114112K
  class space    used 9104K, committed 9408K, reserved 1048576K
}
Event: 10.480 GC heap before
{Heap before GC invocations=23 (full 0):
 garbage-first heap   total 96256K, used 77320K [0x0000000080000000, 0x0000000100000000)
  region size 1024K, 49 young (50176K), 1 survivors (1024K)
 Metaspace       used 76333K, committed 76928K, reserved 1122304K
  class space    used 10023K, committed 10304K, reserved 1048576K
}
Event: 10.485 GC heap after
{Heap after GC invocations=24 (full 0):
 garbage-first heap   total 96256K, used 32637K [0x0000000080000000, 0x0000000100000000)
  region size 1024K, 4 young (4096K), 4 survivors (4096K)
 Metaspace       used 76333K, committed 76928K, reserved 1122304K
  class space    used 10023K, committed 10304K, reserved 1048576K
}
Event: 140.024 GC heap before
{Heap before GC invocations=25 (full 0):
 garbage-first heap   total 96256K, used 77693K [0x0000000080000000, 0x0000000100000000)
  region size 1024K, 48 young (49152K), 4 survivors (4096K)
 Metaspace       used 81043K, committed 81664K, reserved 1122304K
  class space    used 10657K, committed 10944K, reserved 1048576K
}
Event: 140.033 GC heap after
{Heap after GC invocations=26 (full 0):
 garbage-first heap   total 96256K, used 36297K [0x0000000080000000, 0x0000000100000000)
  region size 1024K, 4 young (4096K), 4 survivors (4096K)
 Metaspace       used 81043K, committed 81664K, reserved 1122304K
  class space    used 10657K, committed 10944K, reserved 1048576K
}

